<?xml version="1.0" encoding="UTF-8"?>
<testsuite xmlns:xsi="http://www.w3.org/2001/XMLSchema-instance" xsi:noNamespaceSchemaLocation="https://maven.apache.org/surefire/maven-surefire-plugin/xsd/surefire-test-report.xsd" version="3.0.2" name="com.deepseek.deepseek.DeepseekApplicationTests" time="1.804" tests="1" errors="0" skipped="0" failures="0">
  <properties>
[...]
</properties>
  <testcase name="contextLoads" classname="com.deepseek.deepseek.DeepseekApplicationTests" time="0.598">
    <system-out><![CDATA[16:09:48.815 [main] INFO org.springframework.test.context.support.AnnotationConfigContextLoaderUtils -- Could not detect default configuration classes for test class [com.deepseek.deepseek.DeepseekApplicationTests]: DeepseekApplicationTests does not declare any static, non-private, non-final, nested classes annotated with @Configuration.
16:09:48.873 [main] INFO org.springframework.boot.test.context.SpringBootTestContextBootstrapper -- Found @SpringBootConfiguration com.deepseek.deepseek.DeepseekApplication for test class com.deepseek.deepseek.DeepseekApplicationTests

  .   ____          _            __ _ _
 /\\ / ___'_ __ _ _(_)_ __  __ _ \ \ \ \
( ( )\___ | '_ | '_| | '_ \/ _` | \ \ \ \
 \\/  ___)| |_)| | | | | || (_| |  ) ) ) )
  '  |____| .__|_| |_|_| |_\__, | / / / /
 =========|_|==============|___/=/_/_/_/

 :: Spring Boot ::                (v3.4.3)

2025-03-11T16:09:49.084+08:00  INFO 35250 --- [deepseek] [           main] c.d.deepseek.DeepseekApplicationTests    : Starting DeepseekApplicationTests using Java 21.0.6 with PID 35250 (started by lihao in /Users/lihao/IdeaProjects/deepseekLearn)
2025-03-11T16:09:49.085+08:00  INFO 35250 --- [deepseek] [           main] c.d.deepseek.DeepseekApplicationTests    : No active profile set, falling back to 1 default profile: "default"
2025-03-11T16:09:49.923+08:00  INFO 35250 --- [deepseek] [           main] c.d.deepseek.DeepseekApplicationTests    : Started DeepseekApplicationTests in 0.973 seconds (process running for 1.433)
]]></system-out>
    <system-err><![CDATA[Mockito is currently self-attaching to enable the inline-mock-maker. This will no longer work in future releases of the JDK. Please add Mockito as an agent to your build what is described in Mockito's documentation: https://javadoc.io/doc/org.mockito/mockito-core/latest/org/mockito/Mockito.html#0.3
WARNING: A Java agent has been loaded dynamically (/Users/lihao/.m2/repository/net/bytebuddy/byte-buddy-agent/1.15.11/byte-buddy-agent-1.15.11.jar)
WARNING: If a serviceability tool is in use, please run with -XX:+EnableDynamicAgentLoading to hide this warning
WARNING: If a serviceability tool is not in use, please run with -Djdk.instrument.traceUsage for more information
WARNING: Dynamic loading of agents will be disallowed by default in a future release
]]></system-err>
  </testcase>
</testsuite>